[2022-09-24 07:24:23] production.ERROR: Key path "file://E:\Clicky\Web POS\ClickyPos-4.7.8\clicky-pos-v4.7.8\storage\oauth-private.key" does not exist or is not readable {"exception":"[object] (LogicException(code: 0): Key path \"file://E:\\Clicky\\Web POS\\ClickyPos-4.7.8\\clicky-pos-v4.7.8\\storage\\oauth-private.key\" does not exist or is not readable at E:\\Clicky\\Web POS\\ClickyPos-4.7.8\\clicky-pos-v4.7.8\\vendor\\league\\oauth2-server\\src\\CryptKey.php:48)
[stacktrace]
#0 E:\\Clicky\\Web POS\\ClickyPos-4.7.8\\clicky-pos-v4.7.8\\vendor\\laravel\\passport\\src\\PassportServiceProvider.php(243): League\\OAuth2\\Server\\CryptKey->__construct('file://E:\\\\Click...', NULL, false)
#1 E:\\Clicky\\Web POS\\ClickyPos-4.7.8\\clicky-pos-v4.7.8\\vendor\\laravel\\passport\\src\\PassportServiceProvider.php(209): Laravel\\Passport\\PassportServiceProvider->makeCryptKey('private')
#2 E:\\Clicky\\Web POS\\ClickyPos-4.7.8\\clicky-pos-v4.7.8\\vendor\\laravel\\passport\\src\\PassportServiceProvider.php(99): Laravel\\Passport\\PassportServiceProvider->makeAuthorizationServer()
#3 E:\\Clicky\\Web POS\\ClickyPos-4.7.8\\clicky-pos-v4.7.8\\vendor\\laravel\\framework\\src\\Illuminate\\Container\\Container.php(785): Laravel\\Passport\\PassportServiceProvider->Laravel\\Passport\\{closure}(Object(Illuminate\\Foundation\\Application), Array)
#4 E:\\Clicky\\Web POS\\ClickyPos-4.7.8\\clicky-pos-v4.7.8\\vendor\\laravel\\framework\\src\\Illuminate\\Container\\Container.php(667): Illuminate\\Container\\Container->build(Object(Closure))
#5 E:\\Clicky\\Web POS\\ClickyPos-4.7.8\\clicky-pos-v4.7.8\\vendor\\laravel\\framework\\src\\Illuminate\\Container\\Container.php(615): Illuminate\\Container\\Container->resolve('League\\\\OAuth2\\\\S...', Array)
#6 E:\\Clicky\\Web POS\\ClickyPos-4.7.8\\clicky-pos-v4.7.8\\vendor\\laravel\\framework\\src\\Illuminate\\Foundation\\Application.php(767): Illuminate\\Container\\Container->make('League\\\\OAuth2\\\\S...', Array)
#7 E:\\Clicky\\Web POS\\ClickyPos-4.7.8\\clicky-pos-v4.7.8\\vendor\\laravel\\framework\\src\\Illuminate\\Container\\Container.php(927): Illuminate\\Foundation\\Application->make('League\\\\OAuth2\\\\S...')
#8 E:\\Clicky\\Web POS\\ClickyPos-4.7.8\\clicky-pos-v4.7.8\\vendor\\laravel\\framework\\src\\Illuminate\\Container\\Container.php(855): Illuminate\\Container\\Container->resolveClass(Object(ReflectionParameter))
#9 E:\\Clicky\\Web POS\\ClickyPos-4.7.8\\clicky-pos-v4.7.8\\vendor\\laravel\\framework\\src\\Illuminate\\Container\\Container.php(816): Illuminate\\Container\\Container->resolveDependencies(Array)
#10 E:\\Clicky\\Web POS\\ClickyPos-4.7.8\\clicky-pos-v4.7.8\\vendor\\laravel\\framework\\src\\Illuminate\\Container\\Container.php(667): Illuminate\\Container\\Container->build('Laravel\\\\Passpor...')
#11 E:\\Clicky\\Web POS\\ClickyPos-4.7.8\\clicky-pos-v4.7.8\\vendor\\laravel\\framework\\src\\Illuminate\\Container\\Container.php(615): Illuminate\\Container\\Container->resolve('Laravel\\\\Passpor...', Array)
#12 E:\\Clicky\\Web POS\\ClickyPos-4.7.8\\clicky-pos-v4.7.8\\vendor\\laravel\\framework\\src\\Illuminate\\Foundation\\Application.php(767): Illuminate\\Container\\Container->make('Laravel\\\\Passpor...', Array)
#13 E:\\Clicky\\Web POS\\ClickyPos-4.7.8\\clicky-pos-v4.7.8\\vendor\\laravel\\framework\\src\\Illuminate\\Routing\\Route.php(233): Illuminate\\Foundation\\Application->make('Laravel\\\\Passpor...')
#14 E:\\Clicky\\Web POS\\ClickyPos-4.7.8\\clicky-pos-v4.7.8\\vendor\\laravel\\framework\\src\\Illuminate\\Routing\\Route.php(833): Illuminate\\Routing\\Route->getController()
#15 E:\\Clicky\\Web POS\\ClickyPos-4.7.8\\clicky-pos-v4.7.8\\vendor\\laravel\\framework\\src\\Illuminate\\Routing\\Route.php(794): Illuminate\\Routing\\Route->controllerMiddleware()
#16 E:\\Clicky\\Web POS\\ClickyPos-4.7.8\\clicky-pos-v4.7.8\\vendor\\laravel\\framework\\src\\Illuminate\\Foundation\\Console\\RouteListCommand.php(173): Illuminate\\Routing\\Route->gatherMiddleware()
#17 E:\\Clicky\\Web POS\\ClickyPos-4.7.8\\clicky-pos-v4.7.8\\vendor\\laravel\\framework\\src\\Illuminate\\Foundation\\Console\\RouteListCommand.php(117): Illuminate\\Foundation\\Console\\RouteListCommand->getMiddleware(Object(Illuminate\\Routing\\Route))
#18 E:\\Clicky\\Web POS\\ClickyPos-4.7.8\\clicky-pos-v4.7.8\\vendor\\laravel\\framework\\src\\Illuminate\\Foundation\\Console\\RouteListCommand.php(89): Illuminate\\Foundation\\Console\\RouteListCommand->getRouteInformation(Object(Illuminate\\Routing\\Route))
#19 [internal function]: Illuminate\\Foundation\\Console\\RouteListCommand->Illuminate\\Foundation\\Console\\{closure}(Object(Illuminate\\Routing\\Route), 15)
#20 E:\\Clicky\\Web POS\\ClickyPos-4.7.8\\clicky-pos-v4.7.8\\vendor\\laravel\\framework\\src\\Illuminate\\Support\\Collection.php(1120): array_map(Object(Closure), Array, Array)
#21 E:\\Clicky\\Web POS\\ClickyPos-4.7.8\\clicky-pos-v4.7.8\\vendor\\laravel\\framework\\src\\Illuminate\\Foundation\\Console\\RouteListCommand.php(90): Illuminate\\Support\\Collection->map(Object(Closure))
#22 E:\\Clicky\\Web POS\\ClickyPos-4.7.8\\clicky-pos-v4.7.8\\vendor\\laravel\\framework\\src\\Illuminate\\Foundation\\Console\\RouteListCommand.php(74): Illuminate\\Foundation\\Console\\RouteListCommand->getRoutes()
#23 [internal function]: Illuminate\\Foundation\\Console\\RouteListCommand->handle()
#24 E:\\Clicky\\Web POS\\ClickyPos-4.7.8\\clicky-pos-v4.7.8\\vendor\\laravel\\framework\\src\\Illuminate\\Container\\BoundMethod.php(32): call_user_func_array(Array, Array)
#25 E:\\Clicky\\Web POS\\ClickyPos-4.7.8\\clicky-pos-v4.7.8\\vendor\\laravel\\framework\\src\\Illuminate\\Container\\BoundMethod.php(90): Illuminate\\Container\\BoundMethod::Illuminate\\Container\\{closure}()
#26 E:\\Clicky\\Web POS\\ClickyPos-4.7.8\\clicky-pos-v4.7.8\\vendor\\laravel\\framework\\src\\Illuminate\\Container\\BoundMethod.php(34): Illuminate\\Container\\BoundMethod::callBoundMethod(Object(Illuminate\\Foundation\\Application), Array, Object(Closure))
#27 E:\\Clicky\\Web POS\\ClickyPos-4.7.8\\clicky-pos-v4.7.8\\vendor\\laravel\\framework\\src\\Illuminate\\Container\\Container.php(576): Illuminate\\Container\\BoundMethod::call(Object(Illuminate\\Foundation\\Application), Array, Array, NULL)
#28 E:\\Clicky\\Web POS\\ClickyPos-4.7.8\\clicky-pos-v4.7.8\\vendor\\laravel\\framework\\src\\Illuminate\\Console\\Command.php(183): Illuminate\\Container\\Container->call(Array)
#29 E:\\Clicky\\Web POS\\ClickyPos-4.7.8\\clicky-pos-v4.7.8\\vendor\\symfony\\console\\Command\\Command.php(255): Illuminate\\Console\\Command->execute(Object(Symfony\\Component\\Console\\Input\\ArgvInput), Object(Illuminate\\Console\\OutputStyle))
#30 E:\\Clicky\\Web POS\\ClickyPos-4.7.8\\clicky-pos-v4.7.8\\vendor\\laravel\\framework\\src\\Illuminate\\Console\\Command.php(170): Symfony\\Component\\Console\\Command\\Command->run(Object(Symfony\\Component\\Console\\Input\\ArgvInput), Object(Illuminate\\Console\\OutputStyle))
#31 E:\\Clicky\\Web POS\\ClickyPos-4.7.8\\clicky-pos-v4.7.8\\vendor\\symfony\\console\\Application.php(1009): Illuminate\\Console\\Command->run(Object(Symfony\\Component\\Console\\Input\\ArgvInput), Object(Symfony\\Component\\Console\\Output\\ConsoleOutput))
#32 E:\\Clicky\\Web POS\\ClickyPos-4.7.8\\clicky-pos-v4.7.8\\vendor\\symfony\\console\\Application.php(273): Symfony\\Component\\Console\\Application->doRunCommand(Object(Illuminate\\Foundation\\Console\\RouteListCommand), Object(Symfony\\Component\\Console\\Input\\ArgvInput), Object(Symfony\\Component\\Console\\Output\\ConsoleOutput))
#33 E:\\Clicky\\Web POS\\ClickyPos-4.7.8\\clicky-pos-v4.7.8\\vendor\\symfony\\console\\Application.php(149): Symfony\\Component\\Console\\Application->doRun(Object(Symfony\\Component\\Console\\Input\\ArgvInput), Object(Symfony\\Component\\Console\\Output\\ConsoleOutput))
#34 E:\\Clicky\\Web POS\\ClickyPos-4.7.8\\clicky-pos-v4.7.8\\vendor\\laravel\\framework\\src\\Illuminate\\Console\\Application.php(90): Symfony\\Component\\Console\\Application->run(Object(Symfony\\Component\\Console\\Input\\ArgvInput), Object(Symfony\\Component\\Console\\Output\\ConsoleOutput))
#35 E:\\Clicky\\Web POS\\ClickyPos-4.7.8\\clicky-pos-v4.7.8\\vendor\\laravel\\framework\\src\\Illuminate\\Foundation\\Console\\Kernel.php(133): Illuminate\\Console\\Application->run(Object(Symfony\\Component\\Console\\Input\\ArgvInput), Object(Symfony\\Component\\Console\\Output\\ConsoleOutput))
#36 E:\\Clicky\\Web POS\\ClickyPos-4.7.8\\clicky-pos-v4.7.8\\artisan(35): Illuminate\\Foundation\\Console\\Kernel->handle(Object(Symfony\\Component\\Console\\Input\\ArgvInput), Object(Symfony\\Component\\Console\\Output\\ConsoleOutput))
#37 {main}
"} 
[2022-09-24 07:24:28] production.ERROR: Key path "file://E:\Clicky\Web POS\ClickyPos-4.7.8\clicky-pos-v4.7.8\storage\oauth-private.key" does not exist or is not readable {"exception":"[object] (LogicException(code: 0): Key path \"file://E:\\Clicky\\Web POS\\ClickyPos-4.7.8\\clicky-pos-v4.7.8\\storage\\oauth-private.key\" does not exist or is not readable at E:\\Clicky\\Web POS\\ClickyPos-4.7.8\\clicky-pos-v4.7.8\\vendor\\league\\oauth2-server\\src\\CryptKey.php:48)
[stacktrace]
#0 E:\\Clicky\\Web POS\\ClickyPos-4.7.8\\clicky-pos-v4.7.8\\vendor\\laravel\\passport\\src\\PassportServiceProvider.php(243): League\\OAuth2\\Server\\CryptKey->__construct('file://E:\\\\Click...', NULL, false)
#1 E:\\Clicky\\Web POS\\ClickyPos-4.7.8\\clicky-pos-v4.7.8\\vendor\\laravel\\passport\\src\\PassportServiceProvider.php(209): Laravel\\Passport\\PassportServiceProvider->makeCryptKey('private')
#2 E:\\Clicky\\Web POS\\ClickyPos-4.7.8\\clicky-pos-v4.7.8\\vendor\\laravel\\passport\\src\\PassportServiceProvider.php(99): Laravel\\Passport\\PassportServiceProvider->makeAuthorizationServer()
#3 E:\\Clicky\\Web POS\\ClickyPos-4.7.8\\clicky-pos-v4.7.8\\vendor\\laravel\\framework\\src\\Illuminate\\Container\\Container.php(785): Laravel\\Passport\\PassportServiceProvider->Laravel\\Passport\\{closure}(Object(Illuminate\\Foundation\\Application), Array)
#4 E:\\Clicky\\Web POS\\ClickyPos-4.7.8\\clicky-pos-v4.7.8\\vendor\\laravel\\framework\\src\\Illuminate\\Container\\Container.php(667): Illuminate\\Container\\Container->build(Object(Closure))
#5 E:\\Clicky\\Web POS\\ClickyPos-4.7.8\\clicky-pos-v4.7.8\\vendor\\laravel\\framework\\src\\Illuminate\\Container\\Container.php(615): Illuminate\\Container\\Container->resolve('League\\\\OAuth2\\\\S...', Array)
#6 E:\\Clicky\\Web POS\\ClickyPos-4.7.8\\clicky-pos-v4.7.8\\vendor\\laravel\\framework\\src\\Illuminate\\Foundation\\Application.php(767): Illuminate\\Container\\Container->make('League\\\\OAuth2\\\\S...', Array)
#7 E:\\Clicky\\Web POS\\ClickyPos-4.7.8\\clicky-pos-v4.7.8\\vendor\\laravel\\framework\\src\\Illuminate\\Container\\Container.php(927): Illuminate\\Foundation\\Application->make('League\\\\OAuth2\\\\S...')
#8 E:\\Clicky\\Web POS\\ClickyPos-4.7.8\\clicky-pos-v4.7.8\\vendor\\laravel\\framework\\src\\Illuminate\\Container\\Container.php(855): Illuminate\\Container\\Container->resolveClass(Object(ReflectionParameter))
#9 E:\\Clicky\\Web POS\\ClickyPos-4.7.8\\clicky-pos-v4.7.8\\vendor\\laravel\\framework\\src\\Illuminate\\Container\\Container.php(816): Illuminate\\Container\\Container->resolveDependencies(Array)
#10 E:\\Clicky\\Web POS\\ClickyPos-4.7.8\\clicky-pos-v4.7.8\\vendor\\laravel\\framework\\src\\Illuminate\\Container\\Container.php(667): Illuminate\\Container\\Container->build('Laravel\\\\Passpor...')
#11 E:\\Clicky\\Web POS\\ClickyPos-4.7.8\\clicky-pos-v4.7.8\\vendor\\laravel\\framework\\src\\Illuminate\\Container\\Container.php(615): Illuminate\\Container\\Container->resolve('Laravel\\\\Passpor...', Array)
#12 E:\\Clicky\\Web POS\\ClickyPos-4.7.8\\clicky-pos-v4.7.8\\vendor\\laravel\\framework\\src\\Illuminate\\Foundation\\Application.php(767): Illuminate\\Container\\Container->make('Laravel\\\\Passpor...', Array)
#13 E:\\Clicky\\Web POS\\ClickyPos-4.7.8\\clicky-pos-v4.7.8\\vendor\\laravel\\framework\\src\\Illuminate\\Routing\\Route.php(233): Illuminate\\Foundation\\Application->make('Laravel\\\\Passpor...')
#14 E:\\Clicky\\Web POS\\ClickyPos-4.7.8\\clicky-pos-v4.7.8\\vendor\\laravel\\framework\\src\\Illuminate\\Routing\\Route.php(833): Illuminate\\Routing\\Route->getController()
#15 E:\\Clicky\\Web POS\\ClickyPos-4.7.8\\clicky-pos-v4.7.8\\vendor\\laravel\\framework\\src\\Illuminate\\Routing\\Route.php(794): Illuminate\\Routing\\Route->controllerMiddleware()
#16 E:\\Clicky\\Web POS\\ClickyPos-4.7.8\\clicky-pos-v4.7.8\\vendor\\laravel\\framework\\src\\Illuminate\\Foundation\\Console\\RouteListCommand.php(173): Illuminate\\Routing\\Route->gatherMiddleware()
#17 E:\\Clicky\\Web POS\\ClickyPos-4.7.8\\clicky-pos-v4.7.8\\vendor\\laravel\\framework\\src\\Illuminate\\Foundation\\Console\\RouteListCommand.php(117): Illuminate\\Foundation\\Console\\RouteListCommand->getMiddleware(Object(Illuminate\\Routing\\Route))
#18 E:\\Clicky\\Web POS\\ClickyPos-4.7.8\\clicky-pos-v4.7.8\\vendor\\laravel\\framework\\src\\Illuminate\\Foundation\\Console\\RouteListCommand.php(89): Illuminate\\Foundation\\Console\\RouteListCommand->getRouteInformation(Object(Illuminate\\Routing\\Route))
#19 [internal function]: Illuminate\\Foundation\\Console\\RouteListCommand->Illuminate\\Foundation\\Console\\{closure}(Object(Illuminate\\Routing\\Route), 15)
#20 E:\\Clicky\\Web POS\\ClickyPos-4.7.8\\clicky-pos-v4.7.8\\vendor\\laravel\\framework\\src\\Illuminate\\Support\\Collection.php(1120): array_map(Object(Closure), Array, Array)
#21 E:\\Clicky\\Web POS\\ClickyPos-4.7.8\\clicky-pos-v4.7.8\\vendor\\laravel\\framework\\src\\Illuminate\\Foundation\\Console\\RouteListCommand.php(90): Illuminate\\Support\\Collection->map(Object(Closure))
#22 E:\\Clicky\\Web POS\\ClickyPos-4.7.8\\clicky-pos-v4.7.8\\vendor\\laravel\\framework\\src\\Illuminate\\Foundation\\Console\\RouteListCommand.php(74): Illuminate\\Foundation\\Console\\RouteListCommand->getRoutes()
#23 [internal function]: Illuminate\\Foundation\\Console\\RouteListCommand->handle()
#24 E:\\Clicky\\Web POS\\ClickyPos-4.7.8\\clicky-pos-v4.7.8\\vendor\\laravel\\framework\\src\\Illuminate\\Container\\BoundMethod.php(32): call_user_func_array(Array, Array)
#25 E:\\Clicky\\Web POS\\ClickyPos-4.7.8\\clicky-pos-v4.7.8\\vendor\\laravel\\framework\\src\\Illuminate\\Container\\BoundMethod.php(90): Illuminate\\Container\\BoundMethod::Illuminate\\Container\\{closure}()
#26 E:\\Clicky\\Web POS\\ClickyPos-4.7.8\\clicky-pos-v4.7.8\\vendor\\laravel\\framework\\src\\Illuminate\\Container\\BoundMethod.php(34): Illuminate\\Container\\BoundMethod::callBoundMethod(Object(Illuminate\\Foundation\\Application), Array, Object(Closure))
#27 E:\\Clicky\\Web POS\\ClickyPos-4.7.8\\clicky-pos-v4.7.8\\vendor\\laravel\\framework\\src\\Illuminate\\Container\\Container.php(576): Illuminate\\Container\\BoundMethod::call(Object(Illuminate\\Foundation\\Application), Array, Array, NULL)
#28 E:\\Clicky\\Web POS\\ClickyPos-4.7.8\\clicky-pos-v4.7.8\\vendor\\laravel\\framework\\src\\Illuminate\\Console\\Command.php(183): Illuminate\\Container\\Container->call(Array)
#29 E:\\Clicky\\Web POS\\ClickyPos-4.7.8\\clicky-pos-v4.7.8\\vendor\\symfony\\console\\Command\\Command.php(255): Illuminate\\Console\\Command->execute(Object(Symfony\\Component\\Console\\Input\\ArgvInput), Object(Illuminate\\Console\\OutputStyle))
#30 E:\\Clicky\\Web POS\\ClickyPos-4.7.8\\clicky-pos-v4.7.8\\vendor\\laravel\\framework\\src\\Illuminate\\Console\\Command.php(170): Symfony\\Component\\Console\\Command\\Command->run(Object(Symfony\\Component\\Console\\Input\\ArgvInput), Object(Illuminate\\Console\\OutputStyle))
#31 E:\\Clicky\\Web POS\\ClickyPos-4.7.8\\clicky-pos-v4.7.8\\vendor\\symfony\\console\\Application.php(1009): Illuminate\\Console\\Command->run(Object(Symfony\\Component\\Console\\Input\\ArgvInput), Object(Symfony\\Component\\Console\\Output\\ConsoleOutput))
#32 E:\\Clicky\\Web POS\\ClickyPos-4.7.8\\clicky-pos-v4.7.8\\vendor\\symfony\\console\\Application.php(273): Symfony\\Component\\Console\\Application->doRunCommand(Object(Illuminate\\Foundation\\Console\\RouteListCommand), Object(Symfony\\Component\\Console\\Input\\ArgvInput), Object(Symfony\\Component\\Console\\Output\\ConsoleOutput))
#33 E:\\Clicky\\Web POS\\ClickyPos-4.7.8\\clicky-pos-v4.7.8\\vendor\\symfony\\console\\Application.php(149): Symfony\\Component\\Console\\Application->doRun(Object(Symfony\\Component\\Console\\Input\\ArgvInput), Object(Symfony\\Component\\Console\\Output\\ConsoleOutput))
#34 E:\\Clicky\\Web POS\\ClickyPos-4.7.8\\clicky-pos-v4.7.8\\vendor\\laravel\\framework\\src\\Illuminate\\Console\\Application.php(90): Symfony\\Component\\Console\\Application->run(Object(Symfony\\Component\\Console\\Input\\ArgvInput), Object(Symfony\\Component\\Console\\Output\\ConsoleOutput))
#35 E:\\Clicky\\Web POS\\ClickyPos-4.7.8\\clicky-pos-v4.7.8\\vendor\\laravel\\framework\\src\\Illuminate\\Foundation\\Console\\Kernel.php(133): Illuminate\\Console\\Application->run(Object(Symfony\\Component\\Console\\Input\\ArgvInput), Object(Symfony\\Component\\Console\\Output\\ConsoleOutput))
#36 E:\\Clicky\\Web POS\\ClickyPos-4.7.8\\clicky-pos-v4.7.8\\artisan(35): Illuminate\\Foundation\\Console\\Kernel->handle(Object(Symfony\\Component\\Console\\Input\\ArgvInput), Object(Symfony\\Component\\Console\\Output\\ConsoleOutput))
#37 {main}
"} 
[2022-09-24 07:24:31] production.ERROR: Key path "file://E:\Clicky\Web POS\ClickyPos-4.7.8\clicky-pos-v4.7.8\storage\oauth-private.key" does not exist or is not readable {"exception":"[object] (LogicException(code: 0): Key path \"file://E:\\Clicky\\Web POS\\ClickyPos-4.7.8\\clicky-pos-v4.7.8\\storage\\oauth-private.key\" does not exist or is not readable at E:\\Clicky\\Web POS\\ClickyPos-4.7.8\\clicky-pos-v4.7.8\\vendor\\league\\oauth2-server\\src\\CryptKey.php:48)
[stacktrace]
#0 E:\\Clicky\\Web POS\\ClickyPos-4.7.8\\clicky-pos-v4.7.8\\vendor\\laravel\\passport\\src\\PassportServiceProvider.php(243): League\\OAuth2\\Server\\CryptKey->__construct('file://E:\\\\Click...', NULL, false)
#1 E:\\Clicky\\Web POS\\ClickyPos-4.7.8\\clicky-pos-v4.7.8\\vendor\\laravel\\passport\\src\\PassportServiceProvider.php(209): Laravel\\Passport\\PassportServiceProvider->makeCryptKey('private')
#2 E:\\Clicky\\Web POS\\ClickyPos-4.7.8\\clicky-pos-v4.7.8\\vendor\\laravel\\passport\\src\\PassportServiceProvider.php(99): Laravel\\Passport\\PassportServiceProvider->makeAuthorizationServer()
#3 E:\\Clicky\\Web POS\\ClickyPos-4.7.8\\clicky-pos-v4.7.8\\vendor\\laravel\\framework\\src\\Illuminate\\Container\\Container.php(785): Laravel\\Passport\\PassportServiceProvider->Laravel\\Passport\\{closure}(Object(Illuminate\\Foundation\\Application), Array)
#4 E:\\Clicky\\Web POS\\ClickyPos-4.7.8\\clicky-pos-v4.7.8\\vendor\\laravel\\framework\\src\\Illuminate\\Container\\Container.php(667): Illuminate\\Container\\Container->build(Object(Closure))
#5 E:\\Clicky\\Web POS\\ClickyPos-4.7.8\\clicky-pos-v4.7.8\\vendor\\laravel\\framework\\src\\Illuminate\\Container\\Container.php(615): Illuminate\\Container\\Container->resolve('League\\\\OAuth2\\\\S...', Array)
#6 E:\\Clicky\\Web POS\\ClickyPos-4.7.8\\clicky-pos-v4.7.8\\vendor\\laravel\\framework\\src\\Illuminate\\Foundation\\Application.php(767): Illuminate\\Container\\Container->make('League\\\\OAuth2\\\\S...', Array)
#7 E:\\Clicky\\Web POS\\ClickyPos-4.7.8\\clicky-pos-v4.7.8\\vendor\\laravel\\framework\\src\\Illuminate\\Container\\Container.php(927): Illuminate\\Foundation\\Application->make('League\\\\OAuth2\\\\S...')
#8 E:\\Clicky\\Web POS\\ClickyPos-4.7.8\\clicky-pos-v4.7.8\\vendor\\laravel\\framework\\src\\Illuminate\\Container\\Container.php(855): Illuminate\\Container\\Container->resolveClass(Object(ReflectionParameter))
#9 E:\\Clicky\\Web POS\\ClickyPos-4.7.8\\clicky-pos-v4.7.8\\vendor\\laravel\\framework\\src\\Illuminate\\Container\\Container.php(816): Illuminate\\Container\\Container->resolveDependencies(Array)
#10 E:\\Clicky\\Web POS\\ClickyPos-4.7.8\\clicky-pos-v4.7.8\\vendor\\laravel\\framework\\src\\Illuminate\\Container\\Container.php(667): Illuminate\\Container\\Container->build('Laravel\\\\Passpor...')
#11 E:\\Clicky\\Web POS\\ClickyPos-4.7.8\\clicky-pos-v4.7.8\\vendor\\laravel\\framework\\src\\Illuminate\\Container\\Container.php(615): Illuminate\\Container\\Container->resolve('Laravel\\\\Passpor...', Array)
#12 E:\\Clicky\\Web POS\\ClickyPos-4.7.8\\clicky-pos-v4.7.8\\vendor\\laravel\\framework\\src\\Illuminate\\Foundation\\Application.php(767): Illuminate\\Container\\Container->make('Laravel\\\\Passpor...', Array)
#13 E:\\Clicky\\Web POS\\ClickyPos-4.7.8\\clicky-pos-v4.7.8\\vendor\\laravel\\framework\\src\\Illuminate\\Routing\\Route.php(233): Illuminate\\Foundation\\Application->make('Laravel\\\\Passpor...')
#14 E:\\Clicky\\Web POS\\ClickyPos-4.7.8\\clicky-pos-v4.7.8\\vendor\\laravel\\framework\\src\\Illuminate\\Routing\\Route.php(833): Illuminate\\Routing\\Route->getController()
#15 E:\\Clicky\\Web POS\\ClickyPos-4.7.8\\clicky-pos-v4.7.8\\vendor\\laravel\\framework\\src\\Illuminate\\Routing\\Route.php(794): Illuminate\\Routing\\Route->controllerMiddleware()
#16 E:\\Clicky\\Web POS\\ClickyPos-4.7.8\\clicky-pos-v4.7.8\\vendor\\laravel\\framework\\src\\Illuminate\\Foundation\\Console\\RouteListCommand.php(173): Illuminate\\Routing\\Route->gatherMiddleware()
#17 E:\\Clicky\\Web POS\\ClickyPos-4.7.8\\clicky-pos-v4.7.8\\vendor\\laravel\\framework\\src\\Illuminate\\Foundation\\Console\\RouteListCommand.php(117): Illuminate\\Foundation\\Console\\RouteListCommand->getMiddleware(Object(Illuminate\\Routing\\Route))
#18 E:\\Clicky\\Web POS\\ClickyPos-4.7.8\\clicky-pos-v4.7.8\\vendor\\laravel\\framework\\src\\Illuminate\\Foundation\\Console\\RouteListCommand.php(89): Illuminate\\Foundation\\Console\\RouteListCommand->getRouteInformation(Object(Illuminate\\Routing\\Route))
#19 [internal function]: Illuminate\\Foundation\\Console\\RouteListCommand->Illuminate\\Foundation\\Console\\{closure}(Object(Illuminate\\Routing\\Route), 15)
#20 E:\\Clicky\\Web POS\\ClickyPos-4.7.8\\clicky-pos-v4.7.8\\vendor\\laravel\\framework\\src\\Illuminate\\Support\\Collection.php(1120): array_map(Object(Closure), Array, Array)
#21 E:\\Clicky\\Web POS\\ClickyPos-4.7.8\\clicky-pos-v4.7.8\\vendor\\laravel\\framework\\src\\Illuminate\\Foundation\\Console\\RouteListCommand.php(90): Illuminate\\Support\\Collection->map(Object(Closure))
#22 E:\\Clicky\\Web POS\\ClickyPos-4.7.8\\clicky-pos-v4.7.8\\vendor\\laravel\\framework\\src\\Illuminate\\Foundation\\Console\\RouteListCommand.php(74): Illuminate\\Foundation\\Console\\RouteListCommand->getRoutes()
#23 [internal function]: Illuminate\\Foundation\\Console\\RouteListCommand->handle()
#24 E:\\Clicky\\Web POS\\ClickyPos-4.7.8\\clicky-pos-v4.7.8\\vendor\\laravel\\framework\\src\\Illuminate\\Container\\BoundMethod.php(32): call_user_func_array(Array, Array)
#25 E:\\Clicky\\Web POS\\ClickyPos-4.7.8\\clicky-pos-v4.7.8\\vendor\\laravel\\framework\\src\\Illuminate\\Container\\BoundMethod.php(90): Illuminate\\Container\\BoundMethod::Illuminate\\Container\\{closure}()
#26 E:\\Clicky\\Web POS\\ClickyPos-4.7.8\\clicky-pos-v4.7.8\\vendor\\laravel\\framework\\src\\Illuminate\\Container\\BoundMethod.php(34): Illuminate\\Container\\BoundMethod::callBoundMethod(Object(Illuminate\\Foundation\\Application), Array, Object(Closure))
#27 E:\\Clicky\\Web POS\\ClickyPos-4.7.8\\clicky-pos-v4.7.8\\vendor\\laravel\\framework\\src\\Illuminate\\Container\\Container.php(576): Illuminate\\Container\\BoundMethod::call(Object(Illuminate\\Foundation\\Application), Array, Array, NULL)
#28 E:\\Clicky\\Web POS\\ClickyPos-4.7.8\\clicky-pos-v4.7.8\\vendor\\laravel\\framework\\src\\Illuminate\\Console\\Command.php(183): Illuminate\\Container\\Container->call(Array)
#29 E:\\Clicky\\Web POS\\ClickyPos-4.7.8\\clicky-pos-v4.7.8\\vendor\\symfony\\console\\Command\\Command.php(255): Illuminate\\Console\\Command->execute(Object(Symfony\\Component\\Console\\Input\\ArgvInput), Object(Illuminate\\Console\\OutputStyle))
#30 E:\\Clicky\\Web POS\\ClickyPos-4.7.8\\clicky-pos-v4.7.8\\vendor\\laravel\\framework\\src\\Illuminate\\Console\\Command.php(170): Symfony\\Component\\Console\\Command\\Command->run(Object(Symfony\\Component\\Console\\Input\\ArgvInput), Object(Illuminate\\Console\\OutputStyle))
#31 E:\\Clicky\\Web POS\\ClickyPos-4.7.8\\clicky-pos-v4.7.8\\vendor\\symfony\\console\\Application.php(1009): Illuminate\\Console\\Command->run(Object(Symfony\\Component\\Console\\Input\\ArgvInput), Object(Symfony\\Component\\Console\\Output\\ConsoleOutput))
#32 E:\\Clicky\\Web POS\\ClickyPos-4.7.8\\clicky-pos-v4.7.8\\vendor\\symfony\\console\\Application.php(273): Symfony\\Component\\Console\\Application->doRunCommand(Object(Illuminate\\Foundation\\Console\\RouteListCommand), Object(Symfony\\Component\\Console\\Input\\ArgvInput), Object(Symfony\\Component\\Console\\Output\\ConsoleOutput))
#33 E:\\Clicky\\Web POS\\ClickyPos-4.7.8\\clicky-pos-v4.7.8\\vendor\\symfony\\console\\Application.php(149): Symfony\\Component\\Console\\Application->doRun(Object(Symfony\\Component\\Console\\Input\\ArgvInput), Object(Symfony\\Component\\Console\\Output\\ConsoleOutput))
#34 E:\\Clicky\\Web POS\\ClickyPos-4.7.8\\clicky-pos-v4.7.8\\vendor\\laravel\\framework\\src\\Illuminate\\Console\\Application.php(90): Symfony\\Component\\Console\\Application->run(Object(Symfony\\Component\\Console\\Input\\ArgvInput), Object(Symfony\\Component\\Console\\Output\\ConsoleOutput))
#35 E:\\Clicky\\Web POS\\ClickyPos-4.7.8\\clicky-pos-v4.7.8\\vendor\\laravel\\framework\\src\\Illuminate\\Foundation\\Console\\Kernel.php(133): Illuminate\\Console\\Application->run(Object(Symfony\\Component\\Console\\Input\\ArgvInput), Object(Symfony\\Component\\Console\\Output\\ConsoleOutput))
#36 E:\\Clicky\\Web POS\\ClickyPos-4.7.8\\clicky-pos-v4.7.8\\artisan(35): Illuminate\\Foundation\\Console\\Kernel->handle(Object(Symfony\\Component\\Console\\Input\\ArgvInput), Object(Symfony\\Component\\Console\\Output\\ConsoleOutput))
#37 {main}
"} 
[2022-09-24 12:00:36] local.ERROR: Uncaught ReflectionException: Class App\Policies\ModelPolicy does not exist in Command line code:1
Stack trace:
#0 Command line code(1): ReflectionClass->__construct('App\\Policies\\Mo...')
#1 [internal function]: {closure}('App\\Policies\\Mo...', 'App\\Model')
#2 Command line code(1): array_map(Object(Closure), Array, Array)
#3 {main}
  thrown {"exception":"[object] (Symfony\\Component\\Debug\\Exception\\FatalErrorException(code: 1): Uncaught ReflectionException: Class App\\Policies\\ModelPolicy does not exist in Command line code:1
Stack trace:
#0 Command line code(1): ReflectionClass->__construct('App\\\\Policies\\\\Mo...')
#1 [internal function]: {closure}('App\\\\Policies\\\\Mo...', 'App\\\\Model')
#2 Command line code(1): array_map(Object(Closure), Array, Array)
#3 {main}
  thrown at Command line code:1)
[stacktrace]
#0 {main}
"} 
[2022-09-24 12:01:33] local.ERROR: Uncaught ReflectionException: Class App\Policies\ModelPolicy does not exist in Command line code:1
Stack trace:
#0 Command line code(1): ReflectionClass->__construct('App\\Policies\\Mo...')
#1 [internal function]: {closure}('App\\Policies\\Mo...', 'App\\Model')
#2 Command line code(1): array_map(Object(Closure), Array, Array)
#3 {main}
  thrown {"exception":"[object] (Symfony\\Component\\Debug\\Exception\\FatalErrorException(code: 1): Uncaught ReflectionException: Class App\\Policies\\ModelPolicy does not exist in Command line code:1
Stack trace:
#0 Command line code(1): ReflectionClass->__construct('App\\\\Policies\\\\Mo...')
#1 [internal function]: {closure}('App\\\\Policies\\\\Mo...', 'App\\\\Model')
#2 Command line code(1): array_map(Object(Closure), Array, Array)
#3 {main}
  thrown at Command line code:1)
[stacktrace]
#0 {main}
"} 
[2022-09-24 12:02:42] local.ERROR: Uncaught ReflectionException: Class App\Policies\ModelPolicy does not exist in Command line code:1
Stack trace:
#0 Command line code(1): ReflectionClass->__construct('App\\Policies\\Mo...')
#1 [internal function]: {closure}('App\\Policies\\Mo...', 'App\\Model')
#2 Command line code(1): array_map(Object(Closure), Array, Array)
#3 {main}
  thrown {"exception":"[object] (Symfony\\Component\\Debug\\Exception\\FatalErrorException(code: 1): Uncaught ReflectionException: Class App\\Policies\\ModelPolicy does not exist in Command line code:1
Stack trace:
#0 Command line code(1): ReflectionClass->__construct('App\\\\Policies\\\\Mo...')
#1 [internal function]: {closure}('App\\\\Policies\\\\Mo...', 'App\\\\Model')
#2 Command line code(1): array_map(Object(Closure), Array, Array)
#3 {main}
  thrown at Command line code:1)
[stacktrace]
#0 {main}
"} 
[2022-09-24 12:03:30] local.ERROR: Uncaught ReflectionException: Class App\Policies\ModelPolicy does not exist in Command line code:1
Stack trace:
#0 Command line code(1): ReflectionClass->__construct('App\\Policies\\Mo...')
#1 [internal function]: {closure}('App\\Policies\\Mo...', 'App\\Model')
#2 Command line code(1): array_map(Object(Closure), Array, Array)
#3 {main}
  thrown {"exception":"[object] (Symfony\\Component\\Debug\\Exception\\FatalErrorException(code: 1): Uncaught ReflectionException: Class App\\Policies\\ModelPolicy does not exist in Command line code:1
Stack trace:
#0 Command line code(1): ReflectionClass->__construct('App\\\\Policies\\\\Mo...')
#1 [internal function]: {closure}('App\\\\Policies\\\\Mo...', 'App\\\\Model')
#2 Command line code(1): array_map(Object(Closure), Array, Array)
#3 {main}
  thrown at Command line code:1)
[stacktrace]
#0 {main}
"} 
